<?xml version="1.0" encoding="UTF-8"?>
<testsuite name="ngod.dev.aicoding.domain.service.AccountServiceTest" tests="1" skipped="0" failures="0" errors="0" timestamp="2024-11-29T15:36:19" hostname="iseunghoui-MacBookAir.local" time="1.377">
  <properties/>
  <testcase name="testVerifyJwtToken()" classname="ngod.dev.aicoding.domain.service.AccountServiceTest" time="1.377"/>
  <system-out><![CDATA[{sub=dde448a9-6166-4907-9b42-20e85b19b4a6, iss=http://localhost:8080/api/v1/auth, iat=1732894504, exp=1732898104, nickname=seungho, id=1, userId=lsh0510, uid=dde448a9-6166-4907-9b42-20e85b19b4a6}
]]></system-out>
  <system-err><![CDATA[]]></system-err>
</testsuite>
